
Starting trace on 08-08-2022 04:04:14 UTC
UserDomainName: LAPTOP-ECPD48UU
UserName: waghr
MachineName: LAPTOP-ECPD48UU
Log File Count: 20
Log File Set Total Size: 52428800



Starting trace on 08-08-2022 04:40:08 UTC
UserDomainName: LAPTOP-ECPD48UU
UserName: waghr
MachineName: LAPTOP-ECPD48UU
Log File Count: 20
Log File Set Total Size: 52428800



Starting trace on 08-08-2022 08:31:03 UTC
UserDomainName: LAPTOP-ECPD48UU
UserName: waghr
MachineName: LAPTOP-ECPD48UU
Log File Count: 20
Log File Set Total Size: 52428800



Starting trace on 08-08-2022 11:02:11 UTC
UserDomainName: LAPTOP-ECPD48UU
UserName: waghr
MachineName: LAPTOP-ECPD48UU
Log File Count: 20
Log File Set Total Size: 52428800



Starting trace on 08-08-2022 15:17:50 UTC
UserDomainName: LAPTOP-ECPD48UU
UserName: waghr
MachineName: LAPTOP-ECPD48UU
Log File Count: 20
Log File Set Total Size: 52428800


